<?xml version="1.0" encoding="UTF-8" standalone="no"?><testsuites><testsuite errors="0" failures="2" hostname="1700618740dfe397_Motorola_Xoom" name="net.fiive.hiraganaTranslator.test" tests="3" time="3.2410" timestamp="Sun Jun 17 05:37:13 BRT 2012"><properties><property name="java.runtime.name" value="Java(TM) SE Runtime Environment"/><property name="sun.boot.library.path" value="/System/Library/Java/JavaVirtualMachines/1.6.0.jdk/Contents/Libraries"/><property name="java.vm.version" value="20.8-b03-424"/><property name="awt.nativeDoubleBuffering" value="true"/><property name="gopherProxySet" value="false"/><property name="mrj.build" value="11M3720"/><property name="java.vm.vendor" value="Apple Inc."/><property name="java.vendor.url" value="http://www.apple.com/"/><property name="guice.disable.misplaced.annotation.check" value="true"/><property name="path.separator" value=":"/><property name="java.vm.name" value="Java HotSpot(TM) 64-Bit Server VM"/><property name="file.encoding.pkg" value="sun.io"/><property name="sun.java.launcher" value="SUN_STANDARD"/><property name="user.country" value="US"/><property name="sun.os.patch.level" value="unknown"/><property name="java.vm.specification.name" value="Java Virtual Machine Specification"/><property name="user.dir" value="/Users/rafael/dev/android/hiraganaTranslator-pom"/><property name="java.runtime.version" value="1.6.0_33-b03-424-11M3720"/><property name="java.awt.graphicsenv" value="apple.awt.CGraphicsEnvironment"/><property name="java.endorsed.dirs" value="/System/Library/Java/JavaVirtualMachines/1.6.0.jdk/Contents/Home/lib/endorsed"/><property name="os.arch" value="x86_64"/><property name="java.io.tmpdir" value="/var/folders/87/233db3ws555_5jlk3xgzscqw0000gn/T/"/><property name="line.separator" value="&#10;"/><property name="java.vm.specification.vendor" value="Sun Microsystems Inc."/><property name="os.name" value="Mac OS X"/><property name="classworlds.conf" value="/opt/maven/bin/m2.conf"/><property name="sun.jnu.encoding" value="MacRoman"/><property name="java.library.path" value=".:/Library/Java/Extensions:/System/Library/Java/Extensions:/usr/lib/java"/><property name="java.specification.name" value="Java Platform API Specification"/><property name="java.class.version" value="50.0"/><property name="sun.management.compiler" value="HotSpot 64-Bit Tiered Compilers"/><property name="os.version" value="10.7.4"/><property name="http.nonProxyHosts" value="local|*.local|169.254/16|*.169.254/16"/><property name="user.home" value="/Users/rafael"/><property name="user.timezone" value="America/Sao_Paulo"/><property name="java.awt.printerjob" value="apple.awt.CPrinterJob"/><property name="file.encoding" value="MacRoman"/><property name="java.specification.version" value="1.6"/><property name="java.class.path" value="/opt/maven/boot/plexus-classworlds-2.4.jar"/><property name="user.name" value="rafael"/><property name="java.vm.specification.version" value="1.0"/><property name="sun.java.command" value="org.codehaus.plexus.classworlds.launcher.Launcher clean install"/><property name="java.home" value="/System/Library/Java/JavaVirtualMachines/1.6.0.jdk/Contents/Home"/><property name="sun.arch.data.model" value="64"/><property name="user.language" value="en"/><property name="java.specification.vendor" value="Sun Microsystems Inc."/><property name="awt.toolkit" value="apple.awt.CToolkit"/><property name="java.vm.info" value="mixed mode"/><property name="java.version" value="1.6.0_33"/><property name="java.ext.dirs" value="/Library/Java/Extensions:/System/Library/Java/Extensions:/System/Library/Java/JavaVirtualMachines/1.6.0.jdk/Contents/Home/lib/ext"/><property name="sun.boot.class.path" value="/System/Library/Java/JavaVirtualMachines/1.6.0.jdk/Contents/Classes/jsfd.jar:/System/Library/Java/JavaVirtualMachines/1.6.0.jdk/Contents/Classes/classes.jar:/System/Library/Frameworks/JavaVM.framework/Frameworks/JavaRuntimeSupport.framework/Resources/Java/JavaRuntimeSupport.jar:/System/Library/Java/JavaVirtualMachines/1.6.0.jdk/Contents/Classes/ui.jar:/System/Library/Java/JavaVirtualMachines/1.6.0.jdk/Contents/Classes/laf.jar:/System/Library/Java/JavaVirtualMachines/1.6.0.jdk/Contents/Classes/sunrsasign.jar:/System/Library/Java/JavaVirtualMachines/1.6.0.jdk/Contents/Classes/jsse.jar:/System/Library/Java/JavaVirtualMachines/1.6.0.jdk/Contents/Classes/jce.jar:/System/Library/Java/JavaVirtualMachines/1.6.0.jdk/Contents/Classes/charsets.jar"/><property name="java.vendor" value="Apple Inc."/><property name="maven.home" value="/opt/maven"/><property name="file.separator" value="/"/><property name="java.vendor.url.bug" value="http://bugreport.apple.com/"/><property name="sun.io.unicode.encoding" value="UnicodeLittle"/><property name="sun.cpu.endian" value="little"/><property name="mrj.version" value="1070.1.6.0_33-424"/><property name="socksNonProxyHosts" value="local|*.local|169.254/16|*.169.254/16"/><property name="ftp.nonProxyHosts" value="local|*.local|169.254/16|*.169.254/16"/><property name="sun.cpu.isalist" value=""/><property name="ro.product.manufacturer" value="Motorola"/><property name="gsm.sim.operator.alpha" value="Verizon"/><property name="ro.ril.barcode" value="TA861026F0"/><property name="sys.settings_secure_version" value="2"/><property name="ro.debuggable" value="0"/><property name="ro.com.android.wifi-watchlist" value="GoogleGuest"/><property name="persist.sys.usb.config" value="mtp,adb"/><property name="init.svc.debuggerd" value="running"/><property name="ro.crypto.fs_flags" value="0x00000406"/><property name="persist.sys.profiler_ms" value="0"/><property name="system_init.startsurfaceflinger" value="0"/><property name="ro.crypto.fs_options" value="nomblk_io_submit"/><property name="ro.product.model" value="Xoom"/><property name="gsm.operator.iso-country" value="us"/><property name="persist.sys.language" value="en"/><property name="ro.factorytest" value="0"/><property name="ro.build.fingerprint" value="verizon/trygon/stingray:4.0.4/IMM76L/345519:user/release-keys"/><property name="ro.build.product" value="stingray"/><property name="net.dnschange" value="3"/><property name="ro.bootloader" value="1050"/><property name="ro.cdma.home.operator.numeric" value="310004"/><property name="init.svc.vold" value="running"/><property name="ro.setupwizard.mode" value="OPTIONAL"/><property name="keyguard.no_require_sim" value="true"/><property name="net.hostname" value="android-3c084ec703ed2b42"/><property name="ril.cdma.subscription" value="1"/><property name="ro.build.version.sdk" value="15"/><property name="net.bt.name" value="Android"/><property name="sys.usb.config" value="mtp,adb"/><property name="init.svc.savebpver" value="stopped"/><property name="ro.cdma.otaspnumschema" value="SELC,1,80,99"/><property name="persist.ril.mux.noofchannels" value="10"/><property name="ril.qmi.restart.counter" value="0"/><property name="init.svc.wpa_supplicant" value="running"/><property name="ro.bootmode" value="unknown"/><property name="persist.ril.modem.mode" value="1"/><property name="ro.baseband" value="CDMA_N_03.1A.65P"/><property name="persist.ril.tcmd.ttydevice" value="/dev/usb/tty2-1:1.3"/><property name="ro.runtime.firstboot" value="1339085595917"/><property name="ro.build.host" value="vpbs18.mtv.corp.google.com"/><property name="ro.gsm.data_retry_config" value="max_retries=infinite,default_randomization=2000,0,0,80000,125000,485000,905000"/><property name="init.svc.akmd2" value="running"/><property name="init.svc.motolocation" value="stopped"/><property name="ro.build.display.id" value="IMM76L"/><property name="dhcp.wlan0.server" value="10.0.1.1"/><property name="ril.ecclist" value="911,*911,#911"/><property name="ro.revision" value="33536"/><property name="gsm.mot.locatonproxy" value="stop"/><property name="init.svc.locDrv" value="running"/><property name="sys.settings_system_version" value="26"/><property name="ro.product.locale.region" value="US"/><property name="init.svc.sdcard" value="running"/><property name="wifi.interface" value="wlan0"/><property name="gsm.operator.isroaming" value="false"/><property name="ro.ril.fccid" value="IHDP56LU2"/><property name="persist.sys.timezone" value="America/Sao_Paulo"/><property name="dhcp.wlan0.dns3" value=""/><property name="gsm.operator.numeric" value="310004"/><property name="dhcp.wlan0.dns2" value=""/><property name="ro.telephony.default_network" value="4"/><property name="dhcp.wlan0.dns1" value="10.0.1.1"/><property name="ro.error.receiver.system.apps" value="com.google.android.feedback"/><property name="init.svc.dbus" value="running"/><property name="ro.bt.bdaddr_path" value="/sys/module/board_stingray/parameters/bdaddr"/><property name="ro.allow.mock.location" value="0"/><property name="dhcp.wlan0.dns4" value=""/><property name="ro.url.legal" value="http://www.google.com/intl/%s/mobile/android/basic/phone-legal.html"/><property name="ro.crypto.state" value="unencrypted"/><property name="ro.crypto.fs_type" value="ext4"/><property name="persist.service.adb.enable" value=""/><property name="dalvik.vm.heapstartsize" value="5m"/><property name="net.tcp.buffersize.wifi" value="524288,1048576,2097152,262144,524288,1048576"/><property name="persist.ril.mux.ttydevice" value="/dev/usb/tty2-1:1.2"/><property name="ril.restart.counter" value="1"/><property name="persist.sys.localevar" value=""/><property name="ro.crypto.fuse_sdcard" value="true"/><property name="gsm.version.baseband" value="CDMA_N_03.1A.65P"/><property name="ro.product.brand" value="verizon"/><property name="ro.ril.panic.reporter" value="apr"/><property name="gsm.sim.operator.numeric" value="310004"/><property name="ro.crypto.tmpfs_options" value="size=128m,mode=0771,uid=1000,gid=1000"/><property name="wifi.supplicant_scan_interval" value="15"/><property name="dhcp.wlan0.result" value="ok"/><property name="ro.config.notification_sound" value="Cobalt.ogg"/><property name="ro.build.date.utc" value="1335988566"/><property name="ro.board.platform" value="tegra"/><property name="init.svc.bluetoothd" value="running"/><property name="ril.dumpstate.timeout" value="75"/><property name="dhcp..result" value=""/><property name="ro.product.locale.language" value="en"/><property name="ro.product.device" value="stingray"/><property name="cdma_ril.libpath" value="/system/lib/libmoto_cdma_ril.so"/><property name="ro.boot.modelno" value="MZ600"/><property name="dev.bootcomplete" value="1"/><property name="ro.setupwizard.enterprise_mode" value="1"/><property name="ro.cdma.data_retry_config" value="default_randomization=2000,0,0,120000,180000,540000,960000"/><property name="gsm.sim.state" value="UNKNOWN"/><property name="init.svc.keystore" value="running"/><property name="ro.hardware" value="stingray"/><property name="init.svc.netd" value="running"/><property name="persist.ril.modem.ttydevice" value="/dev/usb/tty2-1:1.4"/><property name="ro.build.characteristics" value="tablet"/><property name="dalvik.vm.dexopt-flags" value="m=y"/><property name="ro.build.id" value="IMM76L"/><property name="ril.wrigley.modem.tty" value="/dev/usb/tty1-1:1.10"/><property name="persist.ril.diag.ttydevice" value="/dev/usb/tty2-1:1.0"/><property name="ro.com.android.dateformat" value="MM-dd-yyyy"/><property name="net.tcp.buffersize.lte" value="524288,1048576,2097152,262144,524288,1048576"/><property name="net.tcp.buffersize.default" value="4096,87380,110208,4096,16384,110208"/><property name="net.tcp.buffersize.umts" value="4094,87380,110208,4096,16384,110208"/><property name="sys.usb.state" value="mtp,adb"/><property name="rild.libpath" value="/system/lib/libmoto_mm_ril.so"/><property name="sys.boot_completed" value="1"/><property name="ro.product.name" value="trygon"/><property name="net.change" value="net.wlan0.dns2"/><property name="ro.config.alarm_alert" value="Cesium.ogg"/><property name="ro.build.tags" value="release-keys"/><property name="ro.crypto.fs_mnt_point" value="/data"/><property name="ro.product.board" value=""/><property name="init.svc.drm" value="running"/><property name="ro.build.description" value="trygon-user 4.0.4 IMM76L 345519 release-keys"/><property name="init.svc.media" value="running"/><property name="ro.build.version.codename" value="REL"/><property name="init.svc.location" value="running"/><property name="telephony.lteOnCdmaProductType" value="clw"/><property name="ro.product.cpu.abi" value="armeabi-v7a"/><property name="rild.libargs" value="-d /dev/chnlat10"/><property name="dhcp.wlan0.pid" value="12840"/><property name="dalvik.vm.heapgrowthlimit" value="48m"/><property name="init.svc.whisper" value="running"/><property name="init.svc.bootanim" value="stopped"/><property name="dalvik.vm.heapsize" value="256m"/><property name="dalvik.vm.stack-trace-file" value="/data/anr/traces.txt"/><property name="ro.com.google.clientidbase" value="android-verizon"/><property name="ro.cdma.homesystem" value="64,65,76,77,78,79,80,81,82,83"/><property name="net.tcp.buffersize.edge" value="4093,26280,35040,4096,16384,35040"/><property name="persist.ril.features" value="800"/><property name="dhcp.wlan0.ipaddress" value="10.0.1.2"/><property name="init.svc.surfaceflinger" value="running"/><property name="ro.serialno" value="1700618740dfe397"/><property name="net.wlan0.dns1" value="49.0.0.0"/><property name="net.wlan0.dns2" value=""/><property name="init.svc.dhcpcd_wlan0" value="running"/><property name="persist.sys.country" value="US"/><property name="ro.crypto.fs_real_blkdev" value="/dev/block/platform/sdhci-tegra.3/by-name/userdata"/><property name="init.svc.iprenew_wlan0" value="stopped"/><property name="net.tcp.buffersize.gprs" value="4092,8760,11680,4096,8760,11680"/><property name="ro.build.date" value="Wed May  2 19:56:06 UTC 2012"/><property name="ro.com.android.dataroaming" value="false"/><property name="init.svc.flash_recovery" value="stopped"/><property name="ro.build.version.release" value="4.0.4"/><property name="vold.post_fs_data_done" value="1"/><property name="wlan.driver.status" value="ok"/><property name="lte_ril.libpath" value="/system/lib/libmoto_lte_ril.so"/><property name="ro.product.cpu.abi2" value="armeabi"/><property name="drm.service.enabled" value="true"/><property name="net.tcp.buffersize.hspa" value="4094,87380,262144,4096,16384,262144"/><property name="init.svc.hciattach" value="running"/><property name="init.svc.zygote" value="running"/><property name="init.svc.servicemanager" value="running"/><property name="ro.url.legal.android_privacy" value="http://www.google.com/intl/%s/mobile/android/basic/privacy.html"/><property name="gsm.current.phone-type" value="2"/><property name="ro.build.user" value="android-build"/><property name="ro.opengles.version" value="131072"/><property name="gsm.sim.operator.iso-country" value="us"/><property name="dhcp.wlan0.reason" value="REBOOT"/><property name="ro.config.ringtone" value="Sceptrum.ogg"/><property name="dhcp.wlan0.mask" value="255.255.255.0"/><property name="init.svc.installd" value="running"/><property name="dhcp.wlan0.leasetime" value="86400"/><property name="ro.secure" value="1"/><property name="ro.carrier" value="unknown"/><property name="ro.build.type" value="user"/><property name="dhcp.wlan0.gateway" value="10.0.1.1"/><property name="ro.wifi.channels" value=""/><property name="ro.build.version.incremental" value="345519"/><property name="init.svc.adbd" value="running"/><property name="gsm.operator.alpha" value="Searching for Service"/><property name="net.qtaguid_enabled" value="1"/><property name="net.dns2" value=""/><property name="net.dns1" value="10.0.1.1"/><property name="init.svc.ril-daemon" value="running"/><property name="ril.rat" value="LTE"/><property name="ro.gsm.2nd_data_retry_config" value="max_retries=infinite,default_randomization=2000,0,0,80000,125000,485000,905000"/><property name="ro.cdma.home.operator.alpha" value="Verizon"/></properties><testcase classname="net.fiive.hiraganaTranslator.test.MainActivitySystemTest" name="testTranslate" time="3.0240"><failure message="" type="junit.framework.ComparisonFailure">junit.framework.ComparisonFailure: expected:&lt;か&gt; but was:&lt;?&gt;&#13;
at net.fiive.hiraganaTranslator.test.MainActivitySystemTest.testTranslate(MainActivitySystemTest.java:26)&#13;
at java.lang.reflect.Method.invokeNative(Native Method)&#13;
at android.test.InstrumentationTestCase.runMethod(InstrumentationTestCase.java:214)&#13;
at android.test.InstrumentationTestCase.runTest(InstrumentationTestCase.java:199)&#13;
at android.test.ActivityInstrumentationTestCase2.runTest(ActivityInstrumentationTestCase2.java:192)&#13;
at android.test.AndroidTestRunner.runTest(AndroidTestRunner.java:169)&#13;
at android.test.AndroidTestRunner.runTest(AndroidTestRunner.java:154)&#13;
at android.test.InstrumentationTestRunner.onStart(InstrumentationTestRunner.java:545)&#13;
at android.app.Instrumentation$InstrumentationThread.run(Instrumentation.java:1551)&#13;
</failure></testcase><testcase classname="net.fiive.hiraganaTranslator.test.MainActivityTest" name="testInvalidHiragana" time="0.1030"/><testcase classname="net.fiive.hiraganaTranslator.test.MainActivityTest" name="testValidHiragana" time="0.1060"><failure message="" type="junit.framework.ComparisonFailure">junit.framework.ComparisonFailure: expected:&lt;か&gt; but was:&lt;?&gt;&#13;
at net.fiive.hiraganaTranslator.test.MainActivityTest.testValidHiragana(MainActivityTest.java:31)&#13;
at java.lang.reflect.Method.invokeNative(Native Method)&#13;
at android.test.InstrumentationTestCase.runMethod(InstrumentationTestCase.java:214)&#13;
at android.test.InstrumentationTestCase.runTest(InstrumentationTestCase.java:199)&#13;
at android.test.AndroidTestRunner.runTest(AndroidTestRunner.java:169)&#13;
at android.test.AndroidTestRunner.runTest(AndroidTestRunner.java:154)&#13;
at android.test.InstrumentationTestRunner.onStart(InstrumentationTestRunner.java:545)&#13;
at android.app.Instrumentation$InstrumentationThread.run(Instrumentation.java:1551)&#13;
</failure></testcase></testsuite></testsuites>